c:\users\pappskiva\desktop\litet spel\lean\lean\debug\vc120.pdb
c:\users\pappskiva\desktop\litet spel\lean\lean\debug\vc120.idb
c:\users\pappskiva\desktop\litet spel\lean\lean\debug\dcollision.obj
c:\users\pappskiva\desktop\litet spel\lean\lean\debug\hstring.obj
c:\users\pappskiva\desktop\litet spel\lean\lean\debug\mathfuncs.obj
c:\users\pappskiva\desktop\litet spel\lean\lean\debug\fpsclass.obj
c:\users\pappskiva\desktop\litet spel\lean\lean\debug\input.obj
c:\users\pappskiva\desktop\litet spel\lean\lean\debug\level.obj
c:\users\pappskiva\desktop\litet spel\lean\lean\debug\levelmanager.obj
c:\users\pappskiva\desktop\litet spel\lean\lean\debug\main.obj
c:\users\pappskiva\desktop\litet spel\lean\lean\debug\menu.obj
c:\users\pappskiva\desktop\litet spel\lean\lean\debug\mesh.obj
c:\users\pappskiva\desktop\litet spel\lean\lean\debug\physicsbridge.obj
c:\users\pappskiva\desktop\litet spel\lean\lean\debug\shader.obj
c:\users\pappskiva\desktop\litet spel\lean\lean\debug\sound.obj
c:\users\pappskiva\desktop\litet spel\lean\lean\debug\source.obj
c:\users\pappskiva\desktop\litet spel\lean\lean\debug\systemclass.obj
c:\users\pappskiva\desktop\litet spel\lean\lean\debug\texture.obj
c:\users\pappskiva\desktop\litet spel\lean\lean\debug\pch.obj
c:\users\pappskiva\desktop\litet spel\lean\lean\debug\wictextureloader.obj
c:\users\pappskiva\desktop\litet spel\lean\lean\debug\application.obj
c:\users\pappskiva\desktop\litet spel\lean\lean\debug\applicationtimer.obj
c:\users\pappskiva\desktop\litet spel\lean\lean\debug\ball.obj
c:\users\pappskiva\desktop\litet spel\lean\lean\debug\camera.obj
c:\users\pappskiva\desktop\litet spel\lean\lean\debug\lean.tlog\cl.command.1.tlog
c:\users\pappskiva\desktop\litet spel\lean\lean\debug\lean.tlog\cl.read.1.tlog
c:\users\pappskiva\desktop\litet spel\lean\lean\debug\lean.tlog\cl.write.1.tlog
